2025-10-02 17:21:20 - Starting conversion for: ../uploads/filled_doc_68de44106c9888.99984350.docx
2025-10-02 17:21:20 - API key found
2025-10-02 17:21:20 - DOCX file exists, size: 2202554
2025-10-02 17:21:20 - CloudConvert client created
2025-10-02 17:21:20 - Creating job
2025-10-02 17:21:21 - Job created: 870b249f-18ea-4d34-946b-c7da5f6e2631
2025-10-02 17:21:21 - Uploading file
2025-10-02 17:21:24 - File uploaded
2025-10-02 17:21:24 - Waiting for completion
2025-10-02 17:21:25 - Job completed, status: finished
2025-10-02 17:21:25 - Downloading PDF from: https://eu-central.storage.cloudconvert.com/tasks/03b0ee70-48ce-4a2d-8699-75b2051b726f/filled_doc_68de44106c9888.99984350.pdf?X-Amz-Algorithm=AWS4-HMAC-SHA256&X-Amz-Content-Sha256=UNSIGNED-PAYLOAD&X-Amz-Credential=cloudconvert-production%2F20251002%2Ffra%2Fs3%2Faws4_request&X-Amz-Date=20251002T092126Z&X-Amz-Expires=86400&X-Amz-Signature=6874e39faa69f8d4bc740b0299817a1b7a6b78c81c149b8b3b406072d865d964&X-Amz-SignedHeaders=host&response-content-disposition=attachment%3B%20filename%3D%22filled_doc_68de44106c9888.99984350.pdf%22&response-content-type=application%2Fpdf&x-id=GetObject
2025-10-02 17:21:26 - PDF saved to: ../uploads/filled_doc_68de44106c9888.99984350.pdf
2025-10-02 17:21:26 - DOCX cleaned up
2025-10-02 17:21:26 - Conversion successful
2025-10-02 17:21:26 - Starting conversion for: ../uploads/filled_doc_68de4416d6f795.84898068.docx
2025-10-02 17:21:26 - API key found
2025-10-02 17:21:26 - DOCX file exists, size: 2202554
2025-10-02 17:21:26 - CloudConvert client created
2025-10-02 17:21:26 - Creating job
2025-10-02 17:21:27 - Job created: 0709aaa8-4467-4155-a267-b8a67597d1c8
2025-10-02 17:21:27 - Uploading file
2025-10-02 17:21:30 - File uploaded
2025-10-02 17:21:30 - Waiting for completion
2025-10-02 17:21:31 - Job completed, status: finished
2025-10-02 17:21:31 - Downloading PDF from: https://eu-central.storage.cloudconvert.com/tasks/e143a1f0-ad37-474c-b731-7d9d9757fcef/filled_doc_68de4416d6f795.84898068.pdf?X-Amz-Algorithm=AWS4-HMAC-SHA256&X-Amz-Content-Sha256=UNSIGNED-PAYLOAD&X-Amz-Credential=cloudconvert-production%2F20251002%2Ffra%2Fs3%2Faws4_request&X-Amz-Date=20251002T092132Z&X-Amz-Expires=86400&X-Amz-Signature=64ae8708d35cbdb0bbb58f546272f485398e7f5ad966f9d14508a626e370fb48&X-Amz-SignedHeaders=host&response-content-disposition=attachment%3B%20filename%3D%22filled_doc_68de4416d6f795.84898068.pdf%22&response-content-type=application%2Fpdf&x-id=GetObject
2025-10-02 17:21:33 - PDF saved to: ../uploads/filled_doc_68de4416d6f795.84898068.pdf
2025-10-02 17:21:33 - DOCX cleaned up
2025-10-02 17:21:33 - Conversion successful
2025-10-02 17:26:20 - Starting conversion for: ../uploads/filled_doc_68de453c440887.35002543.docx
2025-10-02 17:26:20 - API key found
2025-10-02 17:26:20 - DOCX file exists, size: 156308
2025-10-02 17:26:20 - CloudConvert client created
2025-10-02 17:26:20 - Creating job
2025-10-02 17:26:20 - Job created: b2b2233a-4447-4c2f-83b8-feafec7d25c4
2025-10-02 17:26:20 - Uploading file
2025-10-02 17:26:22 - File uploaded
2025-10-02 17:26:22 - Waiting for completion
2025-10-02 17:26:23 - Job completed, status: finished
2025-10-02 17:26:23 - Downloading PDF from: https://eu-central.storage.cloudconvert.com/tasks/cd2377f8-1297-45dd-8025-f0387766ba98/filled_doc_68de453c440887.35002543.pdf?X-Amz-Algorithm=AWS4-HMAC-SHA256&X-Amz-Content-Sha256=UNSIGNED-PAYLOAD&X-Amz-Credential=cloudconvert-production%2F20251002%2Ffra%2Fs3%2Faws4_request&X-Amz-Date=20251002T092624Z&X-Amz-Expires=86400&X-Amz-Signature=d4a2ebc098851b4b7634e7a7657d9210623122fbf9f58a3352f6f7e8d202f858&X-Amz-SignedHeaders=host&response-content-disposition=attachment%3B%20filename%3D%22filled_doc_68de453c440887.35002543.pdf%22&response-content-type=application%2Fpdf&x-id=GetObject
2025-10-02 17:26:25 - PDF saved to: ../uploads/filled_doc_68de453c440887.35002543.pdf
2025-10-02 17:26:25 - DOCX cleaned up successfully
2025-10-02 17:26:25 - Conversion successful
2025-10-02 17:26:25 - Starting conversion for: ../uploads/filled_doc_68de45411cf9f8.52147244.docx
2025-10-02 17:26:25 - API key found
2025-10-02 17:26:25 - DOCX file exists, size: 156308
2025-10-02 17:26:25 - CloudConvert client created
2025-10-02 17:26:25 - Creating job
2025-10-02 17:26:25 - Job created: d20b7887-c57c-4d33-90aa-1739730aea78
2025-10-02 17:26:25 - Uploading file
2025-10-02 17:26:27 - File uploaded
2025-10-02 17:26:27 - Waiting for completion
2025-10-02 17:26:28 - Job completed, status: finished
2025-10-02 17:26:28 - Downloading PDF from: https://eu-central.storage.cloudconvert.com/tasks/9c071426-05dd-4500-a561-7bea1853a29d/filled_doc_68de45411cf9f8.52147244.pdf?X-Amz-Algorithm=AWS4-HMAC-SHA256&X-Amz-Content-Sha256=UNSIGNED-PAYLOAD&X-Amz-Credential=cloudconvert-production%2F20251002%2Ffra%2Fs3%2Faws4_request&X-Amz-Date=20251002T092629Z&X-Amz-Expires=86400&X-Amz-Signature=a2a71f2c83f976f000799af18b77c45ca185ebc0ae304415a4463db3dc31f5ee&X-Amz-SignedHeaders=host&response-content-disposition=attachment%3B%20filename%3D%22filled_doc_68de45411cf9f8.52147244.pdf%22&response-content-type=application%2Fpdf&x-id=GetObject
2025-10-02 17:26:30 - PDF saved to: ../uploads/filled_doc_68de45411cf9f8.52147244.pdf
2025-10-02 17:26:30 - DOCX cleaned up successfully
2025-10-02 17:26:30 - Conversion successful
2025-10-02 17:27:06 - Starting conversion for: ../uploads/filled_doc_68de456a621723.85104477.docx
2025-10-02 17:27:06 - API key found
2025-10-02 17:27:06 - DOCX file exists, size: 156308
2025-10-02 17:27:06 - CloudConvert client created
2025-10-02 17:27:06 - Creating job
2025-10-02 17:27:06 - EXCEPTION: Your account has run out of conversion credits
2025-10-02 17:27:06 - Stack trace: #0 C:\xampp\htdocs\SPCF-Thesis\vendor\cloudconvert\cloudconvert-php\src\Transport\HttpTransport.php(279): CloudConvert\Exceptions\HttpClientException::paymentRequired(Object(Nyholm\Psr7\Response))
#1 C:\xampp\htdocs\SPCF-Thesis\vendor\cloudconvert\cloudconvert-php\src\Transport\HttpTransport.php(257): CloudConvert\Transport\HttpTransport->handleErrors(Object(Nyholm\Psr7\Response))
#2 C:\xampp\htdocs\SPCF-Thesis\vendor\cloudconvert\cloudconvert-php\src\Transport\HttpTransport.php(166): CloudConvert\Transport\HttpTransport->sendRequest(Object(Nyholm\Psr7\Request))
#3 C:\xampp\htdocs\SPCF-Thesis\vendor\cloudconvert\cloudconvert-php\src\Resources\JobsResource.php(47): CloudConvert\Transport\HttpTransport->post('https://api.clo...', Array)
#4 C:\xampp\htdocs\SPCF-Thesis\api\documents.php(114): CloudConvert\Resources\JobsResource->create(Object(CloudConvert\Models\Job))
#5 C:\xampp\htdocs\SPCF-Thesis\api\documents.php(545): convertDocxToPdf('../uploads/fill...')
#6 C:\xampp\htdocs\SPCF-Thesis\api\documents.php(423): createDocument(Array)
#7 C:\xampp\htdocs\SPCF-Thesis\api\documents.php(198): handlePost()
#8 {main}
2025-10-02 17:27:06 - Returning original path: ../uploads/filled_doc_68de456a621723.85104477.docx
2025-10-02 17:41:12 - Starting conversion for: ../uploads/filled_doc_68de48b88c0474.08902050.docx
2025-10-02 17:41:12 - API key found
2025-10-02 17:41:12 - DOCX file exists, size: 156308
2025-10-02 17:41:12 - CloudConvert client created
2025-10-02 17:41:12 - Creating job
2025-10-02 17:41:13 - EXCEPTION: Your account has run out of conversion credits
2025-10-02 17:41:13 - Stack trace: #0 C:\xampp\htdocs\SPCF-Thesis\vendor\cloudconvert\cloudconvert-php\src\Transport\HttpTransport.php(279): CloudConvert\Exceptions\HttpClientException::paymentRequired(Object(Nyholm\Psr7\Response))
#1 C:\xampp\htdocs\SPCF-Thesis\vendor\cloudconvert\cloudconvert-php\src\Transport\HttpTransport.php(257): CloudConvert\Transport\HttpTransport->handleErrors(Object(Nyholm\Psr7\Response))
#2 C:\xampp\htdocs\SPCF-Thesis\vendor\cloudconvert\cloudconvert-php\src\Transport\HttpTransport.php(166): CloudConvert\Transport\HttpTransport->sendRequest(Object(Nyholm\Psr7\Request))
#3 C:\xampp\htdocs\SPCF-Thesis\vendor\cloudconvert\cloudconvert-php\src\Resources\JobsResource.php(47): CloudConvert\Transport\HttpTransport->post('https://api.clo...', Array)
#4 C:\xampp\htdocs\SPCF-Thesis\api\documents.php(114): CloudConvert\Resources\JobsResource->create(Object(CloudConvert\Models\Job))
#5 C:\xampp\htdocs\SPCF-Thesis\api\documents.php(558): convertDocxToPdf('../uploads/fill...')
#6 C:\xampp\htdocs\SPCF-Thesis\api\documents.php(436): createDocument(Array)
#7 C:\xampp\htdocs\SPCF-Thesis\api\documents.php(198): handlePost()
#8 {main}
2025-10-02 17:41:13 - Returning original path: ../uploads/filled_doc_68de48b88c0474.08902050.docx
2025-10-02 17:41:33 - Starting conversion for: ../uploads/filled_doc_68de48cd3a5583.81459559.docx
2025-10-02 17:41:33 - API key found
2025-10-02 17:41:33 - DOCX file exists, size: 94560
2025-10-02 17:41:33 - CloudConvert client created
2025-10-02 17:41:33 - Creating job
2025-10-02 17:41:33 - EXCEPTION: Your account has run out of conversion credits
2025-10-02 17:41:33 - Stack trace: #0 C:\xampp\htdocs\SPCF-Thesis\vendor\cloudconvert\cloudconvert-php\src\Transport\HttpTransport.php(279): CloudConvert\Exceptions\HttpClientException::paymentRequired(Object(Nyholm\Psr7\Response))
#1 C:\xampp\htdocs\SPCF-Thesis\vendor\cloudconvert\cloudconvert-php\src\Transport\HttpTransport.php(257): CloudConvert\Transport\HttpTransport->handleErrors(Object(Nyholm\Psr7\Response))
#2 C:\xampp\htdocs\SPCF-Thesis\vendor\cloudconvert\cloudconvert-php\src\Transport\HttpTransport.php(166): CloudConvert\Transport\HttpTransport->sendRequest(Object(Nyholm\Psr7\Request))
#3 C:\xampp\htdocs\SPCF-Thesis\vendor\cloudconvert\cloudconvert-php\src\Resources\JobsResource.php(47): CloudConvert\Transport\HttpTransport->post('https://api.clo...', Array)
#4 C:\xampp\htdocs\SPCF-Thesis\api\documents.php(114): CloudConvert\Resources\JobsResource->create(Object(CloudConvert\Models\Job))
#5 C:\xampp\htdocs\SPCF-Thesis\api\documents.php(611): convertDocxToPdf('../uploads/fill...')
#6 C:\xampp\htdocs\SPCF-Thesis\api\documents.php(436): createDocument(Array)
#7 C:\xampp\htdocs\SPCF-Thesis\api\documents.php(198): handlePost()
#8 {main}
2025-10-02 17:41:33 - Returning original path: ../uploads/filled_doc_68de48cd3a5583.81459559.docx
2025-10-02 17:42:38 - Starting conversion for: ../uploads/filled_doc_68de490e10d912.07499564.docx
2025-10-02 17:42:38 - API key found
2025-10-02 17:42:38 - DOCX file exists, size: 94168
2025-10-02 17:42:38 - CloudConvert client created
2025-10-02 17:42:38 - Creating job
2025-10-02 17:42:38 - EXCEPTION: Your account has run out of conversion credits
2025-10-02 17:42:38 - Stack trace: #0 C:\xampp\htdocs\SPCF-Thesis\vendor\cloudconvert\cloudconvert-php\src\Transport\HttpTransport.php(279): CloudConvert\Exceptions\HttpClientException::paymentRequired(Object(Nyholm\Psr7\Response))
#1 C:\xampp\htdocs\SPCF-Thesis\vendor\cloudconvert\cloudconvert-php\src\Transport\HttpTransport.php(257): CloudConvert\Transport\HttpTransport->handleErrors(Object(Nyholm\Psr7\Response))
#2 C:\xampp\htdocs\SPCF-Thesis\vendor\cloudconvert\cloudconvert-php\src\Transport\HttpTransport.php(166): CloudConvert\Transport\HttpTransport->sendRequest(Object(Nyholm\Psr7\Request))
#3 C:\xampp\htdocs\SPCF-Thesis\vendor\cloudconvert\cloudconvert-php\src\Resources\JobsResource.php(47): CloudConvert\Transport\HttpTransport->post('https://api.clo...', Array)
#4 C:\xampp\htdocs\SPCF-Thesis\api\documents.php(114): CloudConvert\Resources\JobsResource->create(Object(CloudConvert\Models\Job))
#5 C:\xampp\htdocs\SPCF-Thesis\api\documents.php(625): convertDocxToPdf('../uploads/fill...')
#6 C:\xampp\htdocs\SPCF-Thesis\api\documents.php(436): createDocument(Array)
#7 C:\xampp\htdocs\SPCF-Thesis\api\documents.php(198): handlePost()
#8 {main}
2025-10-02 17:42:38 - Returning original path: ../uploads/filled_doc_68de490e10d912.07499564.docx
2025-10-02 17:43:01 - Starting conversion for: ../uploads/filled_doc_68de492540b481.58787139.docx
2025-10-02 17:43:01 - API key found
2025-10-02 17:43:01 - DOCX file exists, size: 3028485
2025-10-02 17:43:01 - CloudConvert client created
2025-10-02 17:43:01 - Creating job
2025-10-02 17:43:01 - EXCEPTION: Your account has run out of conversion credits
2025-10-02 17:43:01 - Stack trace: #0 C:\xampp\htdocs\SPCF-Thesis\vendor\cloudconvert\cloudconvert-php\src\Transport\HttpTransport.php(279): CloudConvert\Exceptions\HttpClientException::paymentRequired(Object(Nyholm\Psr7\Response))
#1 C:\xampp\htdocs\SPCF-Thesis\vendor\cloudconvert\cloudconvert-php\src\Transport\HttpTransport.php(257): CloudConvert\Transport\HttpTransport->handleErrors(Object(Nyholm\Psr7\Response))
#2 C:\xampp\htdocs\SPCF-Thesis\vendor\cloudconvert\cloudconvert-php\src\Transport\HttpTransport.php(166): CloudConvert\Transport\HttpTransport->sendRequest(Object(Nyholm\Psr7\Request))
#3 C:\xampp\htdocs\SPCF-Thesis\vendor\cloudconvert\cloudconvert-php\src\Resources\JobsResource.php(47): CloudConvert\Transport\HttpTransport->post('https://api.clo...', Array)
#4 C:\xampp\htdocs\SPCF-Thesis\api\documents.php(114): CloudConvert\Resources\JobsResource->create(Object(CloudConvert\Models\Job))
#5 C:\xampp\htdocs\SPCF-Thesis\api\documents.php(597): convertDocxToPdf('../uploads/fill...')
#6 C:\xampp\htdocs\SPCF-Thesis\api\documents.php(436): createDocument(Array)
#7 C:\xampp\htdocs\SPCF-Thesis\api\documents.php(198): handlePost()
#8 {main}
2025-10-02 17:43:01 - Returning original path: ../uploads/filled_doc_68de492540b481.58787139.docx
2025-10-02 17:44:50 - Starting conversion for: ../uploads/filled_doc_68de4992dfbfb1.15873946.docx
2025-10-02 17:44:50 - API key found
2025-10-02 17:44:50 - DOCX file exists, size: 3028485
2025-10-02 17:44:50 - CloudConvert client created
2025-10-02 17:44:50 - Creating job
2025-10-02 17:44:51 - EXCEPTION: Your account has run out of conversion credits
2025-10-02 17:44:51 - Stack trace: #0 C:\xampp\htdocs\SPCF-Thesis\vendor\cloudconvert\cloudconvert-php\src\Transport\HttpTransport.php(279): CloudConvert\Exceptions\HttpClientException::paymentRequired(Object(Nyholm\Psr7\Response))
#1 C:\xampp\htdocs\SPCF-Thesis\vendor\cloudconvert\cloudconvert-php\src\Transport\HttpTransport.php(257): CloudConvert\Transport\HttpTransport->handleErrors(Object(Nyholm\Psr7\Response))
#2 C:\xampp\htdocs\SPCF-Thesis\vendor\cloudconvert\cloudconvert-php\src\Transport\HttpTransport.php(166): CloudConvert\Transport\HttpTransport->sendRequest(Object(Nyholm\Psr7\Request))
#3 C:\xampp\htdocs\SPCF-Thesis\vendor\cloudconvert\cloudconvert-php\src\Resources\JobsResource.php(47): CloudConvert\Transport\HttpTransport->post('https://api.clo...', Array)
#4 C:\xampp\htdocs\SPCF-Thesis\api\documents.php(114): CloudConvert\Resources\JobsResource->create(Object(CloudConvert\Models\Job))
#5 C:\xampp\htdocs\SPCF-Thesis\api\documents.php(615): convertDocxToPdf('../uploads/fill...')
#6 C:\xampp\htdocs\SPCF-Thesis\api\documents.php(436): createDocument(Array)
#7 C:\xampp\htdocs\SPCF-Thesis\api\documents.php(198): handlePost()
#8 {main}
2025-10-02 17:44:51 - Returning original path: ../uploads/filled_doc_68de4992dfbfb1.15873946.docx
2025-10-02 17:45:30 - Starting conversion for: ../uploads/filled_doc_68de49ba46a786.43950637.docx
2025-10-02 17:45:30 - API key found
2025-10-02 17:45:30 - DOCX file exists, size: 160724
2025-10-02 17:45:30 - CloudConvert client created
2025-10-02 17:45:30 - Creating job
2025-10-02 17:45:30 - EXCEPTION: Your account has run out of conversion credits
2025-10-02 17:45:30 - Stack trace: #0 C:\xampp\htdocs\SPCF-Thesis\vendor\cloudconvert\cloudconvert-php\src\Transport\HttpTransport.php(279): CloudConvert\Exceptions\HttpClientException::paymentRequired(Object(Nyholm\Psr7\Response))
#1 C:\xampp\htdocs\SPCF-Thesis\vendor\cloudconvert\cloudconvert-php\src\Transport\HttpTransport.php(257): CloudConvert\Transport\HttpTransport->handleErrors(Object(Nyholm\Psr7\Response))
#2 C:\xampp\htdocs\SPCF-Thesis\vendor\cloudconvert\cloudconvert-php\src\Transport\HttpTransport.php(166): CloudConvert\Transport\HttpTransport->sendRequest(Object(Nyholm\Psr7\Request))
#3 C:\xampp\htdocs\SPCF-Thesis\vendor\cloudconvert\cloudconvert-php\src\Resources\JobsResource.php(47): CloudConvert\Transport\HttpTransport->post('https://api.clo...', Array)
#4 C:\xampp\htdocs\SPCF-Thesis\api\documents.php(114): CloudConvert\Resources\JobsResource->create(Object(CloudConvert\Models\Job))
#5 C:\xampp\htdocs\SPCF-Thesis\api\documents.php(615): convertDocxToPdf('../uploads/fill...')
#6 C:\xampp\htdocs\SPCF-Thesis\api\documents.php(436): createDocument(Array)
#7 C:\xampp\htdocs\SPCF-Thesis\api\documents.php(198): handlePost()
#8 {main}
2025-10-02 17:45:30 - Returning original path: ../uploads/filled_doc_68de49ba46a786.43950637.docx
2025-10-03 13:51:09 - Starting conversion for: ../uploads/filled_doc_68df644dbc7b02.42384899.docx
2025-10-03 13:51:09 - API key found
2025-10-03 13:51:09 - DOCX file exists, size: 926473
2025-10-03 13:51:09 - CloudConvert client created
2025-10-03 13:51:09 - Creating job
2025-10-03 13:51:10 - EXCEPTION: Your account has run out of conversion credits
2025-10-03 13:51:10 - Stack trace: #0 C:\xampp\htdocs\SPCF-Thesis\vendor\cloudconvert\cloudconvert-php\src\Transport\HttpTransport.php(279): CloudConvert\Exceptions\HttpClientException::paymentRequired(Object(Nyholm\Psr7\Response))
#1 C:\xampp\htdocs\SPCF-Thesis\vendor\cloudconvert\cloudconvert-php\src\Transport\HttpTransport.php(257): CloudConvert\Transport\HttpTransport->handleErrors(Object(Nyholm\Psr7\Response))
#2 C:\xampp\htdocs\SPCF-Thesis\vendor\cloudconvert\cloudconvert-php\src\Transport\HttpTransport.php(166): CloudConvert\Transport\HttpTransport->sendRequest(Object(Nyholm\Psr7\Request))
#3 C:\xampp\htdocs\SPCF-Thesis\vendor\cloudconvert\cloudconvert-php\src\Resources\JobsResource.php(47): CloudConvert\Transport\HttpTransport->post('https://api.clo...', Array)
#4 C:\xampp\htdocs\SPCF-Thesis\api\documents.php(114): CloudConvert\Resources\JobsResource->create(Object(CloudConvert\Models\Job))
#5 C:\xampp\htdocs\SPCF-Thesis\api\documents.php(621): convertDocxToPdf('../uploads/fill...')
#6 C:\xampp\htdocs\SPCF-Thesis\api\documents.php(442): createDocument(Array)
#7 C:\xampp\htdocs\SPCF-Thesis\api\documents.php(198): handlePost()
#8 {main}
2025-10-03 13:51:10 - Returning original path: ../uploads/filled_doc_68df644dbc7b02.42384899.docx
2025-10-03 13:51:27 - Starting conversion for: ../uploads/filled_doc_68df645f1d5d72.46671733.docx
2025-10-03 13:51:27 - API key found
2025-10-03 13:51:27 - DOCX file exists, size: 160571
2025-10-03 13:51:27 - CloudConvert client created
2025-10-03 13:51:27 - Creating job
2025-10-03 13:51:27 - EXCEPTION: Your account has run out of conversion credits
2025-10-03 13:51:27 - Stack trace: #0 C:\xampp\htdocs\SPCF-Thesis\vendor\cloudconvert\cloudconvert-php\src\Transport\HttpTransport.php(279): CloudConvert\Exceptions\HttpClientException::paymentRequired(Object(Nyholm\Psr7\Response))
#1 C:\xampp\htdocs\SPCF-Thesis\vendor\cloudconvert\cloudconvert-php\src\Transport\HttpTransport.php(257): CloudConvert\Transport\HttpTransport->handleErrors(Object(Nyholm\Psr7\Response))
#2 C:\xampp\htdocs\SPCF-Thesis\vendor\cloudconvert\cloudconvert-php\src\Transport\HttpTransport.php(166): CloudConvert\Transport\HttpTransport->sendRequest(Object(Nyholm\Psr7\Request))
#3 C:\xampp\htdocs\SPCF-Thesis\vendor\cloudconvert\cloudconvert-php\src\Resources\JobsResource.php(47): CloudConvert\Transport\HttpTransport->post('https://api.clo...', Array)
#4 C:\xampp\htdocs\SPCF-Thesis\api\documents.php(114): CloudConvert\Resources\JobsResource->create(Object(CloudConvert\Models\Job))
#5 C:\xampp\htdocs\SPCF-Thesis\api\documents.php(621): convertDocxToPdf('../uploads/fill...')
#6 C:\xampp\htdocs\SPCF-Thesis\api\documents.php(442): createDocument(Array)
#7 C:\xampp\htdocs\SPCF-Thesis\api\documents.php(198): handlePost()
#8 {main}
2025-10-03 13:51:27 - Returning original path: ../uploads/filled_doc_68df645f1d5d72.46671733.docx
2025-10-03 13:51:38 - Starting conversion for: ../uploads/filled_doc_68df646a9c4824.11294521.docx
2025-10-03 13:51:38 - API key found
2025-10-03 13:51:38 - DOCX file exists, size: 160571
2025-10-03 13:51:38 - CloudConvert client created
2025-10-03 13:51:38 - Creating job
2025-10-03 13:51:39 - EXCEPTION: Your account has run out of conversion credits
2025-10-03 13:51:39 - Stack trace: #0 C:\xampp\htdocs\SPCF-Thesis\vendor\cloudconvert\cloudconvert-php\src\Transport\HttpTransport.php(279): CloudConvert\Exceptions\HttpClientException::paymentRequired(Object(Nyholm\Psr7\Response))
#1 C:\xampp\htdocs\SPCF-Thesis\vendor\cloudconvert\cloudconvert-php\src\Transport\HttpTransport.php(257): CloudConvert\Transport\HttpTransport->handleErrors(Object(Nyholm\Psr7\Response))
#2 C:\xampp\htdocs\SPCF-Thesis\vendor\cloudconvert\cloudconvert-php\src\Transport\HttpTransport.php(166): CloudConvert\Transport\HttpTransport->sendRequest(Object(Nyholm\Psr7\Request))
#3 C:\xampp\htdocs\SPCF-Thesis\vendor\cloudconvert\cloudconvert-php\src\Resources\JobsResource.php(47): CloudConvert\Transport\HttpTransport->post('https://api.clo...', Array)
#4 C:\xampp\htdocs\SPCF-Thesis\api\documents.php(114): CloudConvert\Resources\JobsResource->create(Object(CloudConvert\Models\Job))
#5 C:\xampp\htdocs\SPCF-Thesis\api\documents.php(621): convertDocxToPdf('../uploads/fill...')
#6 C:\xampp\htdocs\SPCF-Thesis\api\documents.php(442): createDocument(Array)
#7 C:\xampp\htdocs\SPCF-Thesis\api\documents.php(198): handlePost()
#8 {main}
2025-10-03 13:51:39 - Returning original path: ../uploads/filled_doc_68df646a9c4824.11294521.docx
2025-10-03 13:51:42 - Starting conversion for: ../uploads/filled_doc_68df646e3a1a44.00468930.docx
2025-10-03 13:51:42 - API key found
2025-10-03 13:51:42 - DOCX file exists, size: 1598078
2025-10-03 13:51:42 - CloudConvert client created
2025-10-03 13:51:42 - Creating job
2025-10-03 13:51:42 - EXCEPTION: Your account has run out of conversion credits
2025-10-03 13:51:42 - Stack trace: #0 C:\xampp\htdocs\SPCF-Thesis\vendor\cloudconvert\cloudconvert-php\src\Transport\HttpTransport.php(279): CloudConvert\Exceptions\HttpClientException::paymentRequired(Object(Nyholm\Psr7\Response))
#1 C:\xampp\htdocs\SPCF-Thesis\vendor\cloudconvert\cloudconvert-php\src\Transport\HttpTransport.php(257): CloudConvert\Transport\HttpTransport->handleErrors(Object(Nyholm\Psr7\Response))
#2 C:\xampp\htdocs\SPCF-Thesis\vendor\cloudconvert\cloudconvert-php\src\Transport\HttpTransport.php(166): CloudConvert\Transport\HttpTransport->sendRequest(Object(Nyholm\Psr7\Request))
#3 C:\xampp\htdocs\SPCF-Thesis\vendor\cloudconvert\cloudconvert-php\src\Resources\JobsResource.php(47): CloudConvert\Transport\HttpTransport->post('https://api.clo...', Array)
#4 C:\xampp\htdocs\SPCF-Thesis\api\documents.php(114): CloudConvert\Resources\JobsResource->create(Object(CloudConvert\Models\Job))
#5 C:\xampp\htdocs\SPCF-Thesis\api\documents.php(621): convertDocxToPdf('../uploads/fill...')
#6 C:\xampp\htdocs\SPCF-Thesis\api\documents.php(442): createDocument(Array)
#7 C:\xampp\htdocs\SPCF-Thesis\api\documents.php(198): handlePost()
#8 {main}
2025-10-03 13:51:42 - Returning original path: ../uploads/filled_doc_68df646e3a1a44.00468930.docx
2025-10-03 13:51:58 - Starting conversion for: ../uploads/filled_doc_68df647e351293.02485016.docx
2025-10-03 13:51:58 - API key found
2025-10-03 13:51:58 - DOCX file exists, size: 3030707
2025-10-03 13:51:58 - CloudConvert client created
2025-10-03 13:51:58 - Creating job
2025-10-03 13:51:58 - EXCEPTION: Your account has run out of conversion credits
2025-10-03 13:51:58 - Stack trace: #0 C:\xampp\htdocs\SPCF-Thesis\vendor\cloudconvert\cloudconvert-php\src\Transport\HttpTransport.php(279): CloudConvert\Exceptions\HttpClientException::paymentRequired(Object(Nyholm\Psr7\Response))
#1 C:\xampp\htdocs\SPCF-Thesis\vendor\cloudconvert\cloudconvert-php\src\Transport\HttpTransport.php(257): CloudConvert\Transport\HttpTransport->handleErrors(Object(Nyholm\Psr7\Response))
#2 C:\xampp\htdocs\SPCF-Thesis\vendor\cloudconvert\cloudconvert-php\src\Transport\HttpTransport.php(166): CloudConvert\Transport\HttpTransport->sendRequest(Object(Nyholm\Psr7\Request))
#3 C:\xampp\htdocs\SPCF-Thesis\vendor\cloudconvert\cloudconvert-php\src\Resources\JobsResource.php(47): CloudConvert\Transport\HttpTransport->post('https://api.clo...', Array)
#4 C:\xampp\htdocs\SPCF-Thesis\api\documents.php(114): CloudConvert\Resources\JobsResource->create(Object(CloudConvert\Models\Job))
#5 C:\xampp\htdocs\SPCF-Thesis\api\documents.php(564): convertDocxToPdf('../uploads/fill...')
#6 C:\xampp\htdocs\SPCF-Thesis\api\documents.php(442): createDocument(Array)
#7 C:\xampp\htdocs\SPCF-Thesis\api\documents.php(198): handlePost()
#8 {main}
2025-10-03 13:51:58 - Returning original path: ../uploads/filled_doc_68df647e351293.02485016.docx
2025-10-03 14:00:50 - Starting conversion for: ../uploads/filled_doc_68df6692b40737.81175733.docx
2025-10-03 14:00:50 - API key found
2025-10-03 14:00:50 - DOCX file exists, size: 1599197
2025-10-03 14:00:50 - CloudConvert client created
2025-10-03 14:00:50 - Creating job
2025-10-03 14:00:51 - EXCEPTION: Your account has run out of conversion credits
2025-10-03 14:00:51 - Stack trace: #0 C:\xampp\htdocs\SPCF-Thesis\vendor\cloudconvert\cloudconvert-php\src\Transport\HttpTransport.php(279): CloudConvert\Exceptions\HttpClientException::paymentRequired(Object(Nyholm\Psr7\Response))
#1 C:\xampp\htdocs\SPCF-Thesis\vendor\cloudconvert\cloudconvert-php\src\Transport\HttpTransport.php(257): CloudConvert\Transport\HttpTransport->handleErrors(Object(Nyholm\Psr7\Response))
#2 C:\xampp\htdocs\SPCF-Thesis\vendor\cloudconvert\cloudconvert-php\src\Transport\HttpTransport.php(166): CloudConvert\Transport\HttpTransport->sendRequest(Object(Nyholm\Psr7\Request))
#3 C:\xampp\htdocs\SPCF-Thesis\vendor\cloudconvert\cloudconvert-php\src\Resources\JobsResource.php(47): CloudConvert\Transport\HttpTransport->post('https://api.clo...', Array)
#4 C:\xampp\htdocs\SPCF-Thesis\api\documents.php(114): CloudConvert\Resources\JobsResource->create(Object(CloudConvert\Models\Job))
#5 C:\xampp\htdocs\SPCF-Thesis\api\documents.php(638): convertDocxToPdf('../uploads/fill...')
#6 C:\xampp\htdocs\SPCF-Thesis\api\documents.php(442): createDocument(Array)
#7 C:\xampp\htdocs\SPCF-Thesis\api\documents.php(198): handlePost()
#8 {main}
2025-10-03 14:00:51 - Returning original path: ../uploads/filled_doc_68df6692b40737.81175733.docx
2025-10-03 17:07:14 - Starting conversion for: ../uploads/filled_doc_68df924291f4f7.11655265.docx
2025-10-03 17:07:14 - API key found
2025-10-03 17:07:14 - DOCX file exists, size: 160381
2025-10-03 17:07:14 - CloudConvert client created
2025-10-03 17:07:14 - Creating job
2025-10-03 17:07:15 - Job created: 5992d175-3bb2-4682-8961-b2766d253edc
2025-10-03 17:07:15 - Uploading file
2025-10-03 17:07:17 - File uploaded
2025-10-03 17:07:17 - Waiting for completion
2025-10-03 17:07:18 - Job completed, status: finished
2025-10-03 17:07:18 - Downloading PDF from: https://eu-central.storage.cloudconvert.com/tasks/c4d95c3a-a829-4137-ba8a-5025b433f68a/filled_doc_68df924291f4f7.11655265.pdf?X-Amz-Algorithm=AWS4-HMAC-SHA256&X-Amz-Content-Sha256=UNSIGNED-PAYLOAD&X-Amz-Credential=cloudconvert-production%2F20251003%2Ffra%2Fs3%2Faws4_request&X-Amz-Date=20251003T090718Z&X-Amz-Expires=86400&X-Amz-Signature=f6d3f703543ca51cf732cef016d910a37f7c102afc4b705165e277232e9ae281&X-Amz-SignedHeaders=host&response-content-disposition=attachment%3B%20filename%3D%22filled_doc_68df924291f4f7.11655265.pdf%22&response-content-type=application%2Fpdf&x-id=GetObject
2025-10-03 17:07:20 - PDF saved to: ../uploads/filled_doc_68df924291f4f7.11655265.pdf
2025-10-03 17:07:20 - DOCX cleaned up successfully
2025-10-03 17:07:20 - Conversion successful
2025-10-03 17:17:29 - Starting conversion for: ../uploads/filled_doc_68df94a98318d9.72295536.docx
2025-10-03 17:17:29 - API key found
2025-10-03 17:17:29 - DOCX file exists, size: 446907
2025-10-03 17:17:29 - CloudConvert client created
2025-10-03 17:17:29 - Creating job
2025-10-03 17:17:30 - Job created: 3b0d1094-9d80-4e85-8344-ed12c152d811
2025-10-03 17:17:30 - Uploading file
2025-10-03 17:17:32 - File uploaded
2025-10-03 17:17:32 - Waiting for completion
2025-10-03 17:17:33 - Job completed, status: finished
2025-10-03 17:17:33 - Downloading PDF from: https://eu-central.storage.cloudconvert.com/tasks/42cfb01f-4f8a-41a9-8a6a-ce488a0533a4/filled_doc_68df94a98318d9.72295536.pdf?X-Amz-Algorithm=AWS4-HMAC-SHA256&X-Amz-Content-Sha256=UNSIGNED-PAYLOAD&X-Amz-Credential=cloudconvert-production%2F20251003%2Ffra%2Fs3%2Faws4_request&X-Amz-Date=20251003T091733Z&X-Amz-Expires=86400&X-Amz-Signature=3e89bb83a600f24026b66d6ed634529b77c4882bf60ab0a53675378a248095fb&X-Amz-SignedHeaders=host&response-content-disposition=attachment%3B%20filename%3D%22filled_doc_68df94a98318d9.72295536.pdf%22&response-content-type=application%2Fpdf&x-id=GetObject
2025-10-03 17:17:34 - PDF saved to: ../uploads/filled_doc_68df94a98318d9.72295536.pdf
2025-10-03 17:17:34 - DOCX cleaned up successfully
2025-10-03 17:17:34 - Conversion successful
2025-10-04 15:32:46 - Starting conversion for: ../uploads/filled_doc_68e0cd9ea6e568.21494131.docx
2025-10-04 15:32:46 - API key found
2025-10-04 15:32:46 - DOCX file exists, size: 157318
2025-10-04 15:32:46 - CloudConvert client created
2025-10-04 15:32:46 - Creating job
2025-10-04 15:32:49 - Job created: 152f0428-f5a0-415e-9a31-bcbbf0cfea31
2025-10-04 15:32:49 - Uploading file
2025-10-04 15:32:51 - File uploaded
2025-10-04 15:32:51 - Waiting for completion
2025-10-04 15:32:52 - Job completed, status: finished
2025-10-04 15:32:52 - Downloading PDF from: https://eu-central.storage.cloudconvert.com/tasks/68f3170b-9333-4d08-8d3b-62b951a4651e/filled_doc_68e0cd9ea6e568.21494131.pdf?X-Amz-Algorithm=AWS4-HMAC-SHA256&X-Amz-Content-Sha256=UNSIGNED-PAYLOAD&X-Amz-Credential=cloudconvert-production%2F20251004%2Ffra%2Fs3%2Faws4_request&X-Amz-Date=20251004T073251Z&X-Amz-Expires=86400&X-Amz-Signature=028bd47087844674e1c82e2dfd860707cec6f76ab9982e654b7807fef878cc91&X-Amz-SignedHeaders=host&response-content-disposition=attachment%3B%20filename%3D%22filled_doc_68e0cd9ea6e568.21494131.pdf%22&response-content-type=application%2Fpdf&x-id=GetObject
2025-10-04 15:33:04 - PDF saved to: ../uploads/filled_doc_68e0cd9ea6e568.21494131.pdf
2025-10-04 15:33:04 - DOCX cleaned up successfully
2025-10-04 15:33:04 - Conversion successful
2025-10-04 15:33:04 - Starting conversion for: ../uploads/filled_doc_68e0cdb07b0d95.99622734.docx
2025-10-04 15:33:04 - API key found
2025-10-04 15:33:04 - DOCX file exists, size: 157318
2025-10-04 15:33:04 - CloudConvert client created
2025-10-04 15:33:04 - Creating job
2025-10-04 15:33:05 - Job created: 7383f02a-f5a2-474e-a755-fb8b4118e81b
2025-10-04 15:33:05 - Uploading file
2025-10-04 15:33:06 - File uploaded
2025-10-04 15:33:06 - Waiting for completion
2025-10-04 15:33:07 - Job completed, status: finished
2025-10-04 15:33:07 - Downloading PDF from: https://eu-central.storage.cloudconvert.com/tasks/95a21f39-e5ab-4ef3-9231-79d27daab33e/filled_doc_68e0cdb07b0d95.99622734.pdf?X-Amz-Algorithm=AWS4-HMAC-SHA256&X-Amz-Content-Sha256=UNSIGNED-PAYLOAD&X-Amz-Credential=cloudconvert-production%2F20251004%2Ffra%2Fs3%2Faws4_request&X-Amz-Date=20251004T073307Z&X-Amz-Expires=86400&X-Amz-Signature=7c735dadd2e4f7e2a1b39f5506202ad8d2c52f7f89a0957be4d29334e9adbcbd&X-Amz-SignedHeaders=host&response-content-disposition=attachment%3B%20filename%3D%22filled_doc_68e0cdb07b0d95.99622734.pdf%22&response-content-type=application%2Fpdf&x-id=GetObject
2025-10-04 15:33:09 - PDF saved to: ../uploads/filled_doc_68e0cdb07b0d95.99622734.pdf
2025-10-04 15:33:09 - DOCX cleaned up successfully
2025-10-04 15:33:09 - Conversion successful
2025-10-05 02:31:28 - Starting conversion for: ../uploads/filled_doc_68e168006ace44.43506079.docx
2025-10-05 02:31:28 - API key found
2025-10-05 02:31:28 - DOCX file exists, size: 1598900
2025-10-05 02:31:28 - CloudConvert client created
2025-10-05 02:31:28 - Creating job
2025-10-05 02:31:29 - EXCEPTION: Your account has run out of conversion credits
2025-10-05 02:31:29 - Stack trace: #0 C:\xampp\htdocs\SPCF-Thesis\vendor\cloudconvert\cloudconvert-php\src\Transport\HttpTransport.php(279): CloudConvert\Exceptions\HttpClientException::paymentRequired(Object(Nyholm\Psr7\Response))
#1 C:\xampp\htdocs\SPCF-Thesis\vendor\cloudconvert\cloudconvert-php\src\Transport\HttpTransport.php(257): CloudConvert\Transport\HttpTransport->handleErrors(Object(Nyholm\Psr7\Response))
#2 C:\xampp\htdocs\SPCF-Thesis\vendor\cloudconvert\cloudconvert-php\src\Transport\HttpTransport.php(166): CloudConvert\Transport\HttpTransport->sendRequest(Object(Nyholm\Psr7\Request))
#3 C:\xampp\htdocs\SPCF-Thesis\vendor\cloudconvert\cloudconvert-php\src\Resources\JobsResource.php(47): CloudConvert\Transport\HttpTransport->post('https://api.clo...', Array)
#4 C:\xampp\htdocs\SPCF-Thesis\api\documents.php(114): CloudConvert\Resources\JobsResource->create(Object(CloudConvert\Models\Job))
#5 C:\xampp\htdocs\SPCF-Thesis\api\documents.php(874): convertDocxToPdf('../uploads/fill...')
#6 C:\xampp\htdocs\SPCF-Thesis\api\documents.php(662): createDocument(Array)
#7 C:\xampp\htdocs\SPCF-Thesis\api\documents.php(198): handlePost()
#8 {main}
2025-10-05 02:31:29 - Returning original path: ../uploads/filled_doc_68e168006ace44.43506079.docx
2025-10-06 14:57:59 - Starting conversion for: ../uploads/filled_doc_68e36876f2e135.13503814.docx
2025-10-06 14:57:59 - API key found
2025-10-06 14:57:59 - DOCX file exists, size: 160115
2025-10-06 14:57:59 - CloudConvert client created
2025-10-06 14:57:59 - Creating job
2025-10-06 14:57:59 - Job created: 4d85074f-0c17-4aa8-8eda-273ab2163f63
2025-10-06 14:57:59 - Uploading file
2025-10-06 14:58:01 - File uploaded
2025-10-06 14:58:01 - Waiting for completion
2025-10-06 14:58:02 - Job completed, status: finished
2025-10-06 14:58:02 - Downloading PDF from: https://eu-central.storage.cloudconvert.com/tasks/37b1a6e4-75d8-468e-b787-0175ce109974/filled_doc_68e36876f2e135.13503814.pdf?X-Amz-Algorithm=AWS4-HMAC-SHA256&X-Amz-Content-Sha256=UNSIGNED-PAYLOAD&X-Amz-Credential=cloudconvert-production%2F20251006%2Ffra%2Fs3%2Faws4_request&X-Amz-Date=20251006T065801Z&X-Amz-Expires=86400&X-Amz-Signature=0d0e10b48809c8d3026b5c4fc9889e173daf3db6bb7d11f2be698f0ed11dd0e4&X-Amz-SignedHeaders=host&response-content-disposition=attachment%3B%20filename%3D%22filled_doc_68e36876f2e135.13503814.pdf%22&response-content-type=application%2Fpdf&x-id=GetObject
2025-10-06 14:58:03 - PDF saved to: ../uploads/filled_doc_68e36876f2e135.13503814.pdf
2025-10-06 14:58:03 - DOCX cleaned up successfully
2025-10-06 14:58:03 - Conversion successful
2025-10-06 15:47:50 - Starting conversion for: ../uploads/filled_doc_68e374262dae44.95221115.docx
2025-10-06 15:47:50 - API key found
2025-10-06 15:47:50 - DOCX file exists, size: 160113
2025-10-06 15:47:50 - CloudConvert client created
2025-10-06 15:47:50 - Creating job
2025-10-06 15:47:50 - Job created: d16cb5a0-4cc4-4726-b5c9-bf81644e5c2d
2025-10-06 15:47:50 - Uploading file
2025-10-06 15:47:53 - File uploaded
2025-10-06 15:47:53 - Waiting for completion
2025-10-06 15:47:54 - Job completed, status: finished
2025-10-06 15:47:54 - Downloading PDF from: https://eu-central.storage.cloudconvert.com/tasks/c61bc4bf-43a2-46f2-8cff-f6aee24a90c5/filled_doc_68e374262dae44.95221115.pdf?X-Amz-Algorithm=AWS4-HMAC-SHA256&X-Amz-Content-Sha256=UNSIGNED-PAYLOAD&X-Amz-Credential=cloudconvert-production%2F20251006%2Ffra%2Fs3%2Faws4_request&X-Amz-Date=20251006T074753Z&X-Amz-Expires=86400&X-Amz-Signature=55fda45a37e263e662707ab7ce2f294263d8f874d495d9ff0eb8382003edf533&X-Amz-SignedHeaders=host&response-content-disposition=attachment%3B%20filename%3D%22filled_doc_68e374262dae44.95221115.pdf%22&response-content-type=application%2Fpdf&x-id=GetObject
2025-10-06 15:48:01 - PDF saved to: ../uploads/filled_doc_68e374262dae44.95221115.pdf
2025-10-06 15:48:01 - DOCX cleaned up successfully
2025-10-06 15:48:01 - Conversion successful
